<?xml version="1.0" encoding="UTF-8"?>
<!-- Generated by org.testng.reporters.JUnitXMLReporter -->
<testsuite ignored="0" hostname="KTPCPN-162" failures="0" tests="7" name="Default test" time="0.072" errors="0" timestamp="2024-08-28T12:28:14 IST">
  <testcase classname="TestNGFlags.PriorityFlag" name="z" time="0.014"/>
  <testcase classname="TestNGFlags.PriorityFlag" name="d" time="0.002"/>
  <testcase classname="TestNGFlags.PriorityFlag" name="g" time="0.002"/>
  <testcase classname="TestNGFlags.PriorityFlag" name="a" time="0.002"/>
  <testcase classname="TestNGFlags.PriorityFlag" name="b" time="0.001"/>
  <testcase classname="TestNGFlags.PriorityFlag" name="h" time="0.001"/>
  <testcase classname="TestNGFlags.PriorityFlag" name="n" time="0.002"/>
</testsuite> <!-- Default test -->
