<?xml version="1.0" encoding="UTF-8"?>
<!-- Generated by org.testng.reporters.JUnitXMLReporter -->
<testsuite ignored="0" hostname="KTPCPN-162" failures="0" tests="15" name="Default test" time="0.114" errors="0" timestamp="2024-08-27T15:50:37 IST">
  <testcase classname="TestNGFlags.InvocationCountFlag" name="login" time="0.018"/>
  <testcase classname="TestNGFlags.InvocationCountFlag" name="login" time="0.002"/>
  <testcase classname="TestNGFlags.InvocationCountFlag" name="login" time="0.004"/>
  <testcase classname="TestNGFlags.InvocationCountFlag" name="login" time="0.002"/>
  <testcase classname="TestNGFlags.InvocationCountFlag" name="login" time="0.002"/>
  <testcase classname="TestNGFlags.InvocationCountFlag" name="login" time="0.002"/>
  <testcase classname="TestNGFlags.InvocationCountFlag" name="login" time="0.002"/>
  <testcase classname="TestNGFlags.InvocationCountFlag" name="login" time="0.002"/>
  <testcase classname="TestNGFlags.InvocationCountFlag" name="login" time="0.002"/>
  <testcase classname="TestNGFlags.InvocationCountFlag" name="login" time="0.001"/>
  <testcase classname="TestNGFlags.InvocationCountFlag" name="logout" time="0.003"/>
  <testcase classname="TestNGFlags.InvocationCountFlag" name="logout" time="0.001"/>
  <testcase classname="TestNGFlags.InvocationCountFlag" name="logout" time="0.001"/>
  <testcase classname="TestNGFlags.InvocationCountFlag" name="logout" time="0.002"/>
  <testcase classname="TestNGFlags.InvocationCountFlag" name="logout" time="0.001"/>
</testsuite> <!-- Default test -->
