<?xml version="1.0" encoding="UTF-8"?>
<!-- Generated by org.testng.reporters.JUnitXMLReporter -->
<testsuite ignored="0" hostname="KTPCPN-162" failures="0" tests="5" name="Test" time="0.194" errors="0" timestamp="2024-08-27T10:49:00 IST">
  <testcase classname="TestNGPackage.Demo" name="Login" time="0.019"/>
  <testcase classname="TestNGPackage.Demo" name="Logout" time="0.001"/>
  <testcase classname="TestNGPackage.Demo" name="OpenApp" time="0.004"/>
  <testcase classname="TestNGPackage.Demo1" name="test1" time="0.004"/>
  <testcase classname="TestNGPackage.Demo1" name="test2" time="0.002"/>
</testsuite> <!-- Test -->
