<?xml version="1.0" encoding="UTF-8"?>
<testng-results ignored="0" total="2" passed="2" failed="0" skipped="0">
  <reporter-output>
    <line>
      <![CDATA[test1 method excuted]]>
    </line>
    <line>
      <![CDATA[test2 method excuted]]>
    </line>
  </reporter-output>
  <suite started-at="2024-08-26T18:54:14 IST" name="Default suite" finished-at="2024-08-26T18:54:14 IST" duration-ms="89">
    <groups>
    </groups>
    <test started-at="2024-08-26T18:54:14 IST" name="Default test" finished-at="2024-08-26T18:54:14 IST" duration-ms="89">
      <class name="TestNGPackage.Demo1">
        <test-method signature="test1()[pri:0, instance:TestNGPackage.Demo1@5bd03f44]" started-at="2024-08-26T18:54:14 IST" name="test1" finished-at="2024-08-26T18:54:14 IST" duration-ms="18" status="PASS">
          <reporter-output>
            <line>
              <![CDATA[test1 method excuted]]>
            </line>
          </reporter-output>
        </test-method> <!-- test1 -->
        <test-method signature="test2()[pri:0, instance:TestNGPackage.Demo1@5bd03f44]" started-at="2024-08-26T18:54:14 IST" name="test2" finished-at="2024-08-26T18:54:14 IST" duration-ms="7" status="PASS">
          <reporter-output>
            <line>
              <![CDATA[test2 method excuted]]>
            </line>
          </reporter-output>
        </test-method> <!-- test2 -->
      </class> <!-- TestNGPackage.Demo1 -->
    </test> <!-- Default test -->
  </suite> <!-- Default suite -->
</testng-results>
